<?xml version="1.0" encoding="utf-8" standalone="no"?>
<!--This file represents the results of running a test suite-->
<test-results name="C:\Users\Propietario\Desktop\HelloWorld\ApiInterviewDevTest\bin\ApiInterviewDevTest.dll" total="1" errors="1" failures="0" not-run="0" inconclusive="0" ignored="0" skipped="0" invalid="0" date="2016-04-15" time="10:44:18">
  <environment nunit-version="2.6.4.14350" clr-version="2.0.50727.5420" os-version="Microsoft Windows NT 6.1.7601 Service Pack 1" platform="Win32NT" cwd="C:\Program Files (x86)\NUnit 2.6.4\bin" machine-name="DELL-PC" user="Propietario" user-domain="Dell-PC" />
  <culture-info current-culture="es-ES" current-uiculture="es-ES" />
  <test-suite type="Assembly" name="C:\Users\Propietario\Desktop\HelloWorld\ApiInterviewDevTest\bin\ApiInterviewDevTest.dll" executed="True" result="Failure" success="False" time="0.049" asserts="0">
    <results>
      <test-suite type="Namespace" name="ApiInterviewDevTest" executed="True" result="Failure" success="False" time="0.048" asserts="0">
        <results>
          <test-suite type="Namespace" name="Test" executed="True" result="Failure" success="False" time="0.048" asserts="0">
            <results>
              <test-suite type="TestFixture" name="ControllerTest" executed="True" result="Failure" success="False" time="0.046" asserts="0">
                <results>
                  <test-case name="ApiInterviewDevTest.Test.ControllerTest.testGetBoardGame" executed="True" result="Error" success="False" time="0.043" asserts="0">
                    <failure>
                      <message><![CDATA[System.NullReferenceException : Referencia a objeto no establecida como instancia de un objeto.]]></message>
                      <stack-trace><![CDATA[en ApiInterviewDevTest.Repo.Repository..ctor() en c:\Users\Propietario\Desktop\HelloWorld\ApiInterviewDevTest\Repo\Repository.cs:línea 19
en ApiInterviewDevTest.Controllers.BoardGameController..ctor() en c:\Users\Propietario\Desktop\HelloWorld\ApiInterviewDevTest\Controllers\BoardGameController.cs:línea 21
en ApiInterviewDevTest.Test.ControllerTest.testGetBoardGame() en c:\Users\Propietario\Desktop\HelloWorld\ApiInterviewDevTest\Test\ControllerTest.cs:línea 17
]]></stack-trace>
                    </failure>
                  </test-case>
                </results>
              </test-suite>
            </results>
          </test-suite>
        </results>
      </test-suite>
    </results>
  </test-suite>
</test-results>